<?xml version="1.0" encoding="UTF-8"?>
<!-- Generated by org.testng.reporters.JUnitReportReporter -->
<testsuite hostname="DESKTOP-FNAOHNH" failures="0" tests="1" name="tyss.Assignments.MyNameisPrakash" time="0.033" errors="0" timestamp="2023-12-28T12:17:51 IST" skipped="0">
  <testcase classname="tyss.Assignments.MyNameisPrakash" name="myNameisPrakash" time="0.033"/>
  <system-out/>
</testsuite> <!-- tyss.Assignments.MyNameisPrakash -->
