<?xml version="1.0" encoding="UTF-8"?>
<!-- Generated by org.testng.reporters.JUnitReportReporter -->
<testsuite hostname="DESKTOP-FNAOHNH" failures="0" tests="1" name="tyss.Strings.SwapFirstWordAndLastWord" time="0.026" errors="0" timestamp="2023-12-30T13:48:38 IST" skipped="0">
  <testcase classname="tyss.Strings.SwapFirstWordAndLastWord" name="swap" time="0.026"/>
  <system-out/>
</testsuite> <!-- tyss.Strings.SwapFirstWordAndLastWord -->
